<?xml version="1.0" encoding="UTF-8"?>
<!-- Generated by org.testng.reporters.JUnitReportReporter -->
<testsuite skipped="0" hostname="Admin-PC" name="com.orange.CRM.OrangeCrm_Test" tests="4" failures="0" timestamp="25 Apr 2019 19:54:32 GMT" time="24.526" errors="0">
  <testcase name="Tc1_ValidateLogin" time="2.114" classname="com.orange.CRM.OrangeCrm_Test"/>
  <testcase name="createAndValidateEmp" time="16.603" classname="com.orange.CRM.OrangeCrm_Test"/>
  <testcase name="validateGeneral_Information" time="2.808" classname="com.orange.CRM.OrangeCrm_Test"/>
  <testcase name="validate_GeneralInformation_Editable" time="3.001" classname="com.orange.CRM.OrangeCrm_Test"/>
</testsuite> <!-- com.orange.CRM.OrangeCrm_Test -->
